<?xml version="1.0" encoding="UTF-8"?>
<!-- Generated by org.testng.reporters.JUnitReportReporter -->
<testsuite hostname="DESKTOP-3S9KRM2" failures="0" tests="1" name="com.SauceDemoProject.testscripts.SauceLoginTest" time="7.529" errors="0" timestamp="2023-04-18T19:10:11 IST" skipped="0">
  <testcase classname="com.SauceDemoProject.testscripts.SauceLoginTest" name="verifySauceLogin" time="7.529"/>
  <system-out>
    <![CDATA[Sauce Login Started Execution
Sauce Login button clicked]]>
  </system-out>
</testsuite> <!-- com.SauceDemoProject.testscripts.SauceLoginTest -->
